<?xml version="1.0" encoding="UTF-8"?>
<!-- Generated by org.testng.reporters.JUnitXMLReporter -->
<testsuite hostname="VD-MDU-MMA12" ignored="0" name="Regression Test" tests="3" failures="0" timestamp="2019-11-26T14:18:28 IST" time="4.751" errors="0">
  <testcase name="@BeforeTest initWebDriver" time="4.624" classname="TestCases.TestBase">
    <failure type="org.openqa.selenium.WebDriverException" message="unknown error: Chrome failed to start: crashed
  (unknown error: DevToolsActivePort file doesn&amp;apos;t exist)
  (The process started from chrome location C:\Program Files (x86)\Google\Chrome\Application\chrome.exe is no longer running, so ChromeDriver is assuming that Chrome has crashed.)
Build info: version: &amp;apos;3.141.59&amp;apos;, revision: &amp;apos;e82be7d358&amp;apos;, time: &amp;apos;2018-11-14T08:25:53&amp;apos;
System info: host: &amp;apos;VD-MDU-MMA12&amp;apos;, ip: &amp;apos;10.169.74.33&amp;apos;, os.name: &amp;apos;Windows 10&amp;apos;, os.arch: &amp;apos;amd64&amp;apos;, os.version: &amp;apos;10.0&amp;apos;, java.version: &amp;apos;1.8.0_144&amp;apos;
Driver info: driver.version: ChromeDriver
remote stacktrace: Backtrace:
	Ordinal0 [0x00E2A903+1550595]
	Ordinal0 [0x00DAA701+1025793]
	Ordinal0 [0x00D2C6E5+509669]
	Ordinal0 [0x00CBCB0B+51979]
	Ordinal0 [0x00CDACE7+175335]
	Ordinal0 [0x00CDA8ED+174317]
	Ordinal0 [0x00CD8CDB+167131]
	Ordinal0 [0x00CC144A+70730]
	Ordinal0 [0x00CC24D0+74960]
	Ordinal0 [0x00CC2469+74857]
	Ordinal0 [0x00DC42C7+1131207]
	GetHandleVerifier [0x00EC70FD+523789]
	GetHandleVerifier [0x00EC6E90+523168]
	GetHandleVerifier [0x00ECE1E7+552695]
	GetHandleVerifier [0x00EC78FA+525834]
	Ordinal0 [0x00DBB7FC+1095676]
	Ordinal0 [0x00DC633B+1139515]
	Ordinal0 [0x00DC64A3+1139875]
	Ordinal0 [0x00DC5425+1135653]
	(No symbol) [0x75FC8674]
	(No symbol) [0x771F5E17]
	(No symbol) [0x771F5DE7]
">
      <![CDATA[org.openqa.selenium.WebDriverException: unknown error: Chrome failed to start: crashed
  (unknown error: DevToolsActivePort file doesn't exist)
  (The process started from chrome location C:\Program Files (x86)\Google\Chrome\Application\chrome.exe is no longer running, so ChromeDriver is assuming that Chrome has crashed.)
Build info: version: '3.141.59', revision: 'e82be7d358', time: '2018-11-14T08:25:53'
System info: host: 'VD-MDU-MMA12', ip: '10.169.74.33', os.name: 'Windows 10', os.arch: 'amd64', os.version: '10.0', java.version: '1.8.0_144'
Driver info: driver.version: ChromeDriver
remote stacktrace: Backtrace:
Ordinal0 [0x00E2A903+1550595]
Ordinal0 [0x00DAA701+1025793]
Ordinal0 [0x00D2C6E5+509669]
Ordinal0 [0x00CBCB0B+51979]
Ordinal0 [0x00CDACE7+175335]
Ordinal0 [0x00CDA8ED+174317]
Ordinal0 [0x00CD8CDB+167131]
Ordinal0 [0x00CC144A+70730]
Ordinal0 [0x00CC24D0+74960]
Ordinal0 [0x00CC2469+74857]
Ordinal0 [0x00DC42C7+1131207]
GetHandleVerifier [0x00EC70FD+523789]
GetHandleVerifier [0x00EC6E90+523168]
GetHandleVerifier [0x00ECE1E7+552695]
GetHandleVerifier [0x00EC78FA+525834]
Ordinal0 [0x00DBB7FC+1095676]
Ordinal0 [0x00DC633B+1139515]
Ordinal0 [0x00DC64A3+1139875]
Ordinal0 [0x00DC5425+1135653]
(No symbol) [0x75FC8674]
(No symbol) [0x771F5E17]
(No symbol) [0x771F5DE7]

at org.openqa.selenium.remote.W3CHandshakeResponse.lambda$errorHandler$0(W3CHandshakeResponse.java:62)
at org.openqa.selenium.remote.HandshakeResponse.lambda$getResponseFunction$0(HandshakeResponse.java:30)
at org.openqa.selenium.remote.ProtocolHandshake.lambda$createSession$0(ProtocolHandshake.java:126)
at java.util.stream.ReferencePipeline$3$1.accept(Unknown Source)
at java.util.Spliterators$ArraySpliterator.tryAdvance(Unknown Source)
at java.util.stream.ReferencePipeline.forEachWithCancel(Unknown Source)
at java.util.stream.AbstractPipeline.copyIntoWithCancel(Unknown Source)
at java.util.stream.AbstractPipeline.copyInto(Unknown Source)
at java.util.stream.AbstractPipeline.wrapAndCopyInto(Unknown Source)
at java.util.stream.FindOps$FindOp.evaluateSequential(Unknown Source)
at java.util.stream.AbstractPipeline.evaluate(Unknown Source)
at java.util.stream.ReferencePipeline.findFirst(Unknown Source)
at org.openqa.selenium.remote.ProtocolHandshake.createSession(ProtocolHandshake.java:128)
at org.openqa.selenium.remote.ProtocolHandshake.createSession(ProtocolHandshake.java:74)
at org.openqa.selenium.remote.HttpCommandExecutor.execute(HttpCommandExecutor.java:136)
at org.openqa.selenium.remote.service.DriverCommandExecutor.execute(DriverCommandExecutor.java:83)
at org.openqa.selenium.remote.RemoteWebDriver.execute(RemoteWebDriver.java:552)
at org.openqa.selenium.remote.RemoteWebDriver.startSession(RemoteWebDriver.java:213)
at org.openqa.selenium.remote.RemoteWebDriver.<init>(RemoteWebDriver.java:131)
at org.openqa.selenium.chrome.ChromeDriver.<init>(ChromeDriver.java:181)
at org.openqa.selenium.chrome.ChromeDriver.<init>(ChromeDriver.java:168)
at org.openqa.selenium.chrome.ChromeDriver.<init>(ChromeDriver.java:123)
at TestCases.TestBase.initWebDriver(TestBase.java:59)
... Removed 28 stack frames]]>
    </failure>
  </testcase> <!-- @BeforeTest initWebDriver -->
  <testcase name="@BeforeMethod launchURL" time="0.011" classname="TestCases.TestBase">
    <failure type="java.lang.NullPointerException">
      <![CDATA[java.lang.NullPointerException
at TestCases.TestBase.launchURL(TestBase.java:101)
at java.util.ArrayList.forEach(Unknown Source)
... Removed 31 stack frames]]>
    </failure>
  </testcase> <!-- @BeforeMethod launchURL -->
  <testcase name="@BeforeMethod launchURL" time="0.001" classname="TestCases.TestBase">
    <failure type="java.lang.NullPointerException">
      <![CDATA[java.lang.NullPointerException
at TestCases.TestBase.launchURL(TestBase.java:101)
at java.util.ArrayList.forEach(Unknown Source)
... Removed 31 stack frames]]>
    </failure>
  </testcase> <!-- @BeforeMethod launchURL -->
  <testcase name="@BeforeMethod launchURL" time="0.002" classname="TestCases.TestBase">
    <failure type="java.lang.NullPointerException">
      <![CDATA[java.lang.NullPointerException
at TestCases.TestBase.launchURL(TestBase.java:101)
at java.util.ArrayList.forEach(Unknown Source)
... Removed 31 stack frames]]>
    </failure>
  </testcase> <!-- @BeforeMethod launchURL -->
  <testcase name="@AfterTest killDriver" time="0.0" classname="TestCases.TestBase">
    <failure type="java.lang.NullPointerException">
      <![CDATA[java.lang.NullPointerException
at TestCases.TestBase.killDriver(TestBase.java:90)
... Removed 24 stack frames]]>
    </failure>
  </testcase> <!-- @AfterTest killDriver -->
  <testcase name="Test01_TopMenu_InteractionsMenu" time="0.0" classname="TestCases.Test_ToolsQA_HomePage">
    <skipped/>
  </testcase> <!-- Test01_TopMenu_InteractionsMenu -->
  <testcase name="Test03_TopMenu_ToolTipsMenu" time="0.0" classname="TestCases.Test_ToolsQA_HomePage">
    <skipped/>
  </testcase> <!-- Test03_TopMenu_ToolTipsMenu -->
  <testcase name="Test02_TopMenu_WidgetMenu" time="0.0" classname="TestCases.Test_ToolsQA_HomePage">
    <skipped/>
  </testcase> <!-- Test02_TopMenu_WidgetMenu -->
</testsuite> <!-- Regression Test -->
